[22/Nov/2015 02:38:31] "GET /bikes?latitude=0&longitude=0 HTTP/1.1" 301 0
[22/Nov/2015 02:38:32] "GET /bikes/?latitude=0&longitude=0 HTTP/1.1" 200 27
[22/Nov/2015 02:40:25] "GET /bikes/?latitude=44.426934&longitude=26.106354 HTTP/1.1" 200 182
[22/Nov/2015 02:47:41] "GET /bikes/?latitude=44.426934&longitude=26.106354 HTTP/1.1" 200 182
[22/Nov/2015 02:48:46] "GET /bikes/?latitude=44.426934&longitude=26.106354 HTTP/1.1" 200 182
[22/Nov/2015 02:54:02] "GET /bikes/?latitude=44.426934&longitude=26.106354 HTTP/1.1" 200 182
[22/Nov/2015 02:57:32] "GET /bikes/?latitude=44.426934&longitude=26.106354 HTTP/1.1" 200 182
[22/Nov/2015 02:59:13] "GET /bikes/?latitude=44.426934&longitude=26.106354 HTTP/1.1" 200 182
[22/Nov/2015 03:00:22] "GET /bikes/?latitude=44.426934&longitude=26.106354 HTTP/1.1" 200 182
[22/Nov/2015 03:02:59] "GET /bikes/?latitude=44.426934&longitude=26.106354 HTTP/1.1" 200 182
[22/Nov/2015 03:10:06] "GET /bikes/?latitude=44.426934&longitude=26.106354 HTTP/1.1" 200 182
[22/Nov/2015 03:31:56] "GET /bikes/?latitude=44.426934&longitude=26.106354 HTTP/1.1" 200 182
[22/Nov/2015 03:47:52] "GET /bikes/?latitude=44.426934&longitude=26.106354 HTTP/1.1" 200 182
[22/Nov/2015 03:56:38] "GET /bikes/?latitude=44.426934&longitude=26.106354 HTTP/1.1" 200 182
[22/Nov/2015 04:11:23] "GET /bikes/?latitude=44.426934&longitude=26.106354 HTTP/1.1" 200 182
[22/Nov/2015 04:13:30] "GET /bikes/?latitude=44.426934&longitude=26.106354 HTTP/1.1" 200 182
[22/Nov/2015 04:17:07] "GET /bikes/?latitude=44.426934&longitude=26.106354 HTTP/1.1" 200 182
[22/Nov/2015 04:18:44] "GET /bikes/?latitude=44.426934&longitude=26.106354 HTTP/1.1" 200 182
[22/Nov/2015 05:02:27] "GET /bikes/?latitude=44.426934&longitude=26.106354 HTTP/1.1" 200 182
[22/Nov/2015 05:03:58] "GET /bikes/?latitude=44.426934&longitude=26.106354 HTTP/1.1" 200 182
[22/Nov/2015 05:04:38] "GET /bikes/?latitude=44.426934&longitude=26.106354 HTTP/1.1" 200 182
[22/Nov/2015 05:18:27] "GET /bikes/?latitude=44.426934&longitude=26.106354 HTTP/1.1" 200 182
[22/Nov/2015 05:27:20] "GET /bikes/?latitude=44.426934&longitude=26.106354 HTTP/1.1" 200 182
[22/Nov/2015 05:29:43] "GET /bikes/?latitude=44.426934&longitude=26.106354 HTTP/1.1" 200 182
[22/Nov/2015 05:36:17] "GET /bikes/?latitude=44.426934&longitude=26.106354 HTTP/1.1" 200 182
[22/Nov/2015 05:39:00] "GET /bikes/?latitude=44.426934&longitude=26.106354 HTTP/1.1" 200 182
[22/Nov/2015 05:40:22] "GET /bikes/?latitude=44.426934&longitude=26.105354 HTTP/1.1" 200 182
[22/Nov/2015 05:59:56] "GET /bikes/?latitude=44.426934&longitude=26.105354 HTTP/1.1" 200 182
[22/Nov/2015 06:12:37] "GET /bikes/?latitude=44.426934&longitude=26.105354 HTTP/1.1" 200 182
[22/Nov/2015 06:15:01] "GET /bikes/?latitude=44.426934&longitude=26.105354 HTTP/1.1" 200 182
[22/Nov/2015 06:27:39] "GET /bikes/?latitude=44.426934&longitude=26.105354 HTTP/1.1" 200 182
[22/Nov/2015 06:27:53] "GET /bikes/?id=2&action=reserve HTTP/1.1" 500 17
[22/Nov/2015 06:30:15] "GET /bikes/?latitude=44.426934&longitude=26.105354 HTTP/1.1" 200 182
[22/Nov/2015 06:30:27] "GET /bike/?id=2&action=reserve HTTP/1.1" 500 17
[22/Nov/2015 06:33:25] "GET /bikes/?latitude=44.426934&longitude=26.105354 HTTP/1.1" 200 182
[22/Nov/2015 06:33:38] "GET /bike/?id=2&action=reserve HTTP/1.1" 500 17
[22/Nov/2015 06:34:06] "GET /admin/ HTTP/1.1" 200 7733
[22/Nov/2015 06:34:07] "GET /static/admin/css/base.css HTTP/1.1" 304 0
[22/Nov/2015 06:34:07] "GET /static/admin/css/dashboard.css HTTP/1.1" 304 0
[22/Nov/2015 06:34:07] "GET /static/admin/img/nav-bg.gif HTTP/1.1" 304 0
[22/Nov/2015 06:34:07] "GET /static/admin/img/default-bg.gif HTTP/1.1" 304 0
[22/Nov/2015 06:34:07] "GET /static/admin/img/icon_changelink.gif HTTP/1.1" 304 0
[22/Nov/2015 06:34:07] "GET /static/admin/img/icon_addlink.gif HTTP/1.1" 304 0
[22/Nov/2015 06:34:10] "GET /admin/bike_api/bikes/ HTTP/1.1" 200 4756
[22/Nov/2015 06:34:10] "GET /static/admin/js/core.js HTTP/1.1" 304 0
[22/Nov/2015 06:34:10] "GET /static/admin/css/changelists.css HTTP/1.1" 304 0
[22/Nov/2015 06:34:10] "GET /static/admin/js/jquery.js HTTP/1.1" 304 0
[22/Nov/2015 06:34:10] "GET /admin/jsi18n/ HTTP/1.1" 200 2372
[22/Nov/2015 06:34:10] "GET /static/admin/js/jquery.init.js HTTP/1.1" 304 0
[22/Nov/2015 06:34:10] "GET /static/admin/js/admin/RelatedObjectLookups.js HTTP/1.1" 304 0
[22/Nov/2015 06:34:11] "GET /static/admin/js/actions.js HTTP/1.1" 304 0
[22/Nov/2015 06:34:11] "GET /static/admin/img/nav-bg-reverse.gif HTTP/1.1" 304 0
[22/Nov/2015 06:34:11] "GET /static/admin/img/tooltag-add.png HTTP/1.1" 304 0
[22/Nov/2015 06:34:13] "GET /admin/bike_api/bikes/1/ HTTP/1.1" 200 6512
[22/Nov/2015 06:34:13] "GET /static/admin/css/forms.css HTTP/1.1" 304 0
[22/Nov/2015 06:34:13] "GET /admin/jsi18n/ HTTP/1.1" 200 2372
[22/Nov/2015 06:34:13] "GET /static/admin/js/related-widget-wrapper.js HTTP/1.1" 304 0
[22/Nov/2015 06:34:13] "GET /static/admin/css/widgets.css HTTP/1.1" 304 0
[22/Nov/2015 06:34:14] "GET /static/admin/img/icon_deletelink.gif HTTP/1.1" 304 0
[22/Nov/2015 06:34:17] "GET /admin/bike_api/bikes/ HTTP/1.1" 200 4756
[22/Nov/2015 06:34:17] "GET /admin/jsi18n/ HTTP/1.1" 200 2372
[22/Nov/2015 06:34:19] "GET /admin/bike_api/bikes/2/ HTTP/1.1" 200 6512
[22/Nov/2015 06:34:19] "GET /admin/jsi18n/ HTTP/1.1" 200 2372
[22/Nov/2015 06:34:20] "GET /admin/bike_api/bikes/ HTTP/1.1" 200 4756
[22/Nov/2015 06:34:20] "GET /admin/jsi18n/ HTTP/1.1" 200 2372
[22/Nov/2015 06:34:22] "GET /admin/bike_api/bikes/3/ HTTP/1.1" 200 6512
[22/Nov/2015 06:34:22] "GET /admin/jsi18n/ HTTP/1.1" 200 2372
[22/Nov/2015 06:34:29] "POST /admin/bike_api/bikes/3/ HTTP/1.1" 302 0
[22/Nov/2015 06:34:29] "GET /admin/bike_api/bikes/ HTTP/1.1" 200 4902
[22/Nov/2015 06:34:29] "GET /admin/jsi18n/ HTTP/1.1" 200 2372
[22/Nov/2015 06:34:30] "GET /static/admin/img/icon_success.gif HTTP/1.1" 304 0
[22/Nov/2015 06:34:32] "GET /admin/bike_api/ HTTP/1.1" 200 3657
[22/Nov/2015 06:34:35] "GET /admin/bike_api/bikes/ HTTP/1.1" 200 4756
[22/Nov/2015 06:34:35] "GET /admin/jsi18n/ HTTP/1.1" 200 2372
[22/Nov/2015 06:35:19] "GET /bikes/?latitude=44.426934&longitude=26.105354 HTTP/1.1" 200 182
[22/Nov/2015 06:35:31] "GET /bike/?bike_id=2&action=reserve HTTP/1.1" 200 45
[22/Nov/2015 06:49:26] "GET /bikes/?latitude=44.426934&longitude=26.105354 HTTP/1.1" 200 182
[22/Nov/2015 06:49:35] "GET /bike/?bike_id=2&action=reserve HTTP/1.1" 200 45
[22/Nov/2015 06:50:06] "GET /admin/bike_api/bikes/2/ HTTP/1.1" 200 6494
[22/Nov/2015 06:50:06] "GET /admin/jsi18n/ HTTP/1.1" 200 2372
[22/Nov/2015 06:50:09] "POST /admin/bike_api/bikes/2/ HTTP/1.1" 302 0
[22/Nov/2015 06:50:09] "GET /admin/bike_api/bikes/ HTTP/1.1" 200 4902
[22/Nov/2015 06:50:10] "GET /admin/jsi18n/ HTTP/1.1" 200 2372
[22/Nov/2015 06:50:28] "GET /bikes/?latitude=44.426934&longitude=26.105354 HTTP/1.1" 200 182
[22/Nov/2015 06:50:32] "GET /bike/?bike_id=2&action=reserve HTTP/1.1" 200 45
[22/Nov/2015 06:50:52] "GET /admin/bike_api/bikes/2/ HTTP/1.1" 200 6494
[22/Nov/2015 06:50:52] "GET /admin/jsi18n/ HTTP/1.1" 200 2372
[22/Nov/2015 06:50:54] "POST /admin/bike_api/bikes/2/ HTTP/1.1" 302 0
[22/Nov/2015 06:50:55] "GET /admin/bike_api/bikes/ HTTP/1.1" 200 4902
[22/Nov/2015 06:50:55] "GET /admin/jsi18n/ HTTP/1.1" 200 2372
[22/Nov/2015 06:55:57] "GET /bikes/?latitude=44.426934&longitude=26.105354 HTTP/1.1" 200 182
[22/Nov/2015 06:56:04] "GET /bike/?bike_id=2&action=reserve HTTP/1.1" 200 45
[22/Nov/2015 06:57:16] "GET /admin/bike_api/bikes/2/ HTTP/1.1" 200 6494
[22/Nov/2015 06:57:17] "GET /admin/jsi18n/ HTTP/1.1" 200 2372
[22/Nov/2015 06:57:19] "POST /admin/bike_api/bikes/2/ HTTP/1.1" 302 0
[22/Nov/2015 06:57:20] "GET /admin/bike_api/bikes/ HTTP/1.1" 200 4902
[22/Nov/2015 06:57:20] "GET /admin/jsi18n/ HTTP/1.1" 200 2372
[22/Nov/2015 07:19:24] "GET /bikes/?latitude=44.426934&longitude=26.105354 HTTP/1.1" 200 182
[22/Nov/2015 07:19:33] "GET /bike/?bike_id=2&action=reserve HTTP/1.1" 200 45
[22/Nov/2015 07:33:19] "GET /admin/bike_api/bikes/2/ HTTP/1.1" 200 6494
[22/Nov/2015 07:33:20] "GET /admin/jsi18n/ HTTP/1.1" 200 2372
[22/Nov/2015 07:33:22] "POST /admin/bike_api/bikes/2/ HTTP/1.1" 302 0
[22/Nov/2015 07:33:23] "GET /admin/bike_api/bikes/ HTTP/1.1" 200 4902
[22/Nov/2015 07:33:23] "GET /admin/jsi18n/ HTTP/1.1" 200 2372
[22/Nov/2015 07:33:50] "GET /bikes/?latitude=44.426934&longitude=26.105354 HTTP/1.1" 200 182
[22/Nov/2015 07:34:02] "GET /bike/?bike_id=2&action=reserve HTTP/1.1" 200 45
[22/Nov/2015 07:34:09] "GET /bike/?bike_id=2&action=free HTTP/1.1" 200 46
[22/Nov/2015 07:38:37] "GET /bikes/?latitude=44.426934&longitude=26.105354 HTTP/1.1" 200 182
[22/Nov/2015 07:38:43] "GET /bike/?bike_id=2&action=reserve HTTP/1.1" 200 45
[22/Nov/2015 07:38:47] "GET /bike/?bike_id=2&action=free HTTP/1.1" 200 46
[22/Nov/2015 07:38:49] "GET /bikes/?latitude=44.425579&longitude=26.110166 HTTP/1.1" 200 182
[22/Nov/2015 07:56:26] "GET /bikes/?latitude=44.426934&longitude=26.105354 HTTP/1.1" 200 182
[22/Nov/2015 07:56:26] "GET /bikes/?latitude=44.426934&longitude=26.105354 HTTP/1.1" 200 182
[22/Nov/2015 07:57:08] "GET /bikes/?latitude=44.426934&longitude=26.105354 HTTP/1.1" 200 182
[22/Nov/2015 07:57:45] "GET /bike/?bike_id=2&action=reserve HTTP/1.1" 200 45
[22/Nov/2015 07:57:57] "GET /bike/?bike_id=2&action=free HTTP/1.1" 200 46
[22/Nov/2015 07:57:59] "GET /bikes/?latitude=44.425579&longitude=26.110166 HTTP/1.1" 200 182
[22/Nov/2015 08:25:33] "GET /bikes/?latitude=44.426934&longitude=26.105354 HTTP/1.1" 200 182
[22/Nov/2015 08:25:33] "GET /bikes/?latitude=44.426934&longitude=26.105354 HTTP/1.1" 200 182
[22/Nov/2015 08:29:37] "GET /bikes/?latitude=44.426934&longitude=26.105354 HTTP/1.1" 200 182
[22/Nov/2015 08:29:37] "GET /bikes/?latitude=44.426934&longitude=26.105354 HTTP/1.1" 200 182
[22/Nov/2015 08:32:07] "GET /bikes/?latitude=44.426934&longitude=26.105354 HTTP/1.1" 200 182
[22/Nov/2015 08:32:07] "GET /bikes/?latitude=44.426934&longitude=26.105354 HTTP/1.1" 200 182
[22/Nov/2015 08:36:01] "GET /bikes/?latitude=44.426934&longitude=26.105354 HTTP/1.1" 200 182
[22/Nov/2015 08:36:01] "GET /bikes/?latitude=44.426934&longitude=26.105354 HTTP/1.1" 200 182
[22/Nov/2015 08:36:41] "GET /bikes/?latitude=44.426934&longitude=26.105354 HTTP/1.1" 200 182
[22/Nov/2015 08:50:45] "GET /bikes/?latitude=44.426934&longitude=26.105354 HTTP/1.1" 200 182
[22/Nov/2015 08:54:39] "GET /bikes/?latitude=44.426934&longitude=26.105354 HTTP/1.1" 200 182
[22/Nov/2015 08:54:39] "GET /bikes/?latitude=44.426934&longitude=26.105354 HTTP/1.1" 200 182
[22/Nov/2015 08:54:46] "GET /bikes/?latitude=44.425579&longitude=26.110166 HTTP/1.1" 200 182
[22/Nov/2015 08:57:57] "GET /bikes/?latitude=44.426934&longitude=26.105354 HTTP/1.1" 200 182
[22/Nov/2015 08:57:57] "GET /bikes/?latitude=44.426934&longitude=26.105354 HTTP/1.1" 200 182
Performing system checks...

System check identified no issues (0 silenced).
November 22, 2015 - 02:38:09
Django version 1.8.6, using settings 'smartbike.settings'
Starting development server at http://0.0.0.0:8000/
Quit the server with CONTROL-C.
[22/Nov/2015 08:59:12] "GET /bikes/?latitude=44.426934&longitude=26.105354 HTTP/1.1" 200 182
Performing system checks...

System check identified no issues (0 silenced).
November 22, 2015 - 08:58:26
Django version 1.8.6, using settings 'smartbike.settings'
Starting development server at http://0.0.0.0:8000/
Quit the server with CONTROL-C.
[22/Nov/2015 09:00:12] "GET /bikes/?latitude=44.426934&longitude=26.105354 HTTP/1.1" 200 182
[22/Nov/2015 09:00:20] "GET /bike/?bike_id=2&action=reserve HTTP/1.1" 200 45
[22/Nov/2015 09:00:33] "GET /bike/?bike_id=2&action=free HTTP/1.1" 200 46
[22/Nov/2015 09:00:36] "GET /bikes/?latitude=44.425579&longitude=26.110166 HTTP/1.1" 200 182
